<?xml version="1.0" encoding="UTF-8"?>
<!-- Generated by org.testng.reporters.JUnitReportReporter -->
<testsuite skipped="0" hostname="EIT-20130101WFQ" name="com.test.testcase.GetUserListTest" tests="1" failures="0" timestamp="2020-09-16T16:46:34 CST" time="0.130" errors="0">
  <testcase name="getUserList" time="0.130" classname="com.test.testcase.GetUserListTest"/>
  <system-out/>
</testsuite> <!-- com.test.testcase.GetUserListTest -->
