<?xml version="1.0" encoding="UTF-8"?>
<!-- Generated by org.testng.reporters.JUnitReportReporter -->
<testsuite skipped="0" hostname="EIT-20130101WFQ" name="com.test.testcase.LoginTest" tests="2" failures="0" timestamp="2020-09-17T21:49:20 CST" time="0.797" errors="0">
  <testcase name="loginFalse" time="0.034" classname="com.test.testcase.LoginTest"/>
  <system-out/>
  <testcase name="loginTrue" time="0.763" classname="com.test.testcase.LoginTest"/>
  <system-out/>
</testsuite> <!-- com.test.testcase.LoginTest -->
