<?xml version="1.0" encoding="UTF-8"?>
<!-- Generated by org.testng.reporters.JUnitReportReporter -->
<testsuite skipped="0" hostname="EIT-20130101WFQ" name="com.test.testcase.LoginTest" tests="2" failures="0" timestamp="2020-09-16T16:46:34 CST" time="0.577" errors="0">
  <testcase name="loginTrue" time="0.541" classname="com.test.testcase.LoginTest"/>
  <system-out/>
  <testcase name="loginFalse" time="0.036" classname="com.test.testcase.LoginTest"/>
  <system-out/>
</testsuite> <!-- com.test.testcase.LoginTest -->
