<?xml version="1.0" encoding="UTF-8"?>
<!-- Generated by org.testng.reporters.JUnitReportReporter -->
<testsuite skipped="0" hostname="EIT-20130101WFQ" name="com.test.testcase.AddUserTest" tests="1" failures="0" timestamp="2020-09-16T16:46:34 CST" time="3.047" errors="0">
  <testcase name="addUser" time="3.047" classname="com.test.testcase.AddUserTest"/>
  <system-out/>
</testsuite> <!-- com.test.testcase.AddUserTest -->
