<?xml version="1.0" encoding="UTF-8"?>
<!-- Generated by org.testng.reporters.JUnitReportReporter -->
<testsuite skipped="0" hostname="EIT-20130101WFQ" name="com.test.testcase.UpdateUserInfoTest" tests="2" failures="0" timestamp="2020-09-17T21:49:20 CST" time="11.119" errors="0">
  <testcase name="updateUserInfo" time="5.070" classname="com.test.testcase.UpdateUserInfoTest"/>
  <system-out/>
  <testcase name="deleteUserInfo" time="6.049" classname="com.test.testcase.UpdateUserInfoTest"/>
  <system-out/>
</testsuite> <!-- com.test.testcase.UpdateUserInfoTest -->
