<?xml version="1.0" encoding="UTF-8"?>
<testsuite xmlns:xsi="http://www.w3.org/2001/XMLSchema-instance" xsi:schemaLocation="https://maven.apache.org/surefire/maven-surefire-plugin/xsd/surefire-test-report.xsd" name="TestSuite" time="16.168" tests="7" errors="0" skipped="0" failures="1">
  <properties>
    <property name="java.runtime.name" value="Java(TM) SE Runtime Environment"/>
    <property name="sun.boot.library.path" value="C:\Program Files\Java\jdk1.8.0_181\jre\bin"/>
    <property name="java.vm.version" value="25.181-b13"/>
    <property name="java.vm.vendor" value="Oracle Corporation"/>
    <property name="maven.multiModuleProjectDirectory" value="D:/hexindai/AutoTest/UserTestDemo"/>
    <property name="java.vendor.url" value="http://java.oracle.com/"/>
    <property name="path.separator" value=";"/>
    <property name="guice.disable.misplaced.annotation.check" value="true"/>
    <property name="java.vm.name" value="Java HotSpot(TM) 64-Bit Server VM"/>
    <property name="file.encoding.pkg" value="sun.io"/>
    <property name="user.script" value=""/>
    <property name="user.country" value="CN"/>
    <property name="sun.java.launcher" value="SUN_STANDARD"/>
    <property name="sun.os.patch.level" value="Service Pack 1"/>
    <property name="java.vm.specification.name" value="Java Virtual Machine Specification"/>
    <property name="user.dir" value="D:\hexindai\AutoTest\UserTestDemo"/>
    <property name="java.runtime.version" value="1.8.0_181-b13"/>
    <property name="java.awt.graphicsenv" value="sun.awt.Win32GraphicsEnvironment"/>
    <property name="java.endorsed.dirs" value="C:\Program Files\Java\jdk1.8.0_181\jre\lib\endorsed"/>
    <property name="os.arch" value="amd64"/>
    <property name="java.io.tmpdir" value="C:\Users\ADMINI~1.EIT\AppData\Local\Temp\"/>
    <property name="line.separator" value="&#10;"/>
    <property name="java.vm.specification.vendor" value="Oracle Corporation"/>
    <property name="user.variant" value=""/>
    <property name="os.name" value="Windows 7"/>
    <property name="classworlds.conf" value="D:/maven/apache-maven-3.5.0-bin/apache-maven-3.5.0/bin/m2.conf"/>
    <property name="sun.jnu.encoding" value="GBK"/>
    <property name="java.library.path" value="C:\Program Files\Java\jdk1.8.0_181\bin;C:\Windows\Sun\Java\bin;C:\Windows\system32;C:\Windows;C:\Users\Administrator.EIT-20130101WFQ\bin;C:\Program Files\Git\mingw64\bin;C:\Program Files\Git\usr\local\bin;C:\Program Files\Git\usr\bin;C:\Program Files\Git\usr\bin;C:\Program Files\Git\mingw64\bin;C:\Program Files\Git\usr\bin;C:\Users\Administrator.EIT-20130101WFQ\bin;C:\Program Files\Python\Scripts;C:\Program Files\Python;C:\Program Files (x86)\Common Files\Oracle\Java\javapath;C:\ProgramData\Oracle\Java\javapath;C:\Windows\system32;C:\Windows;C:\Windows\System32\Wbem;C:\Windows\System32\WindowsPowerShell\v1.0;C:\Program Files\Java\jdk1.8.0_181\bin;C:\Program Files\Java\jdk1.8.0_181\jre\bin;D:\maven\apache-maven-3.5.0-bin\apache-maven-3.5.0\bin;C:\Program Files\Git\cmd;E:\workplace\autotestenv\ANT\apache-ant-1.9.9\bin;C:\Users\Administrator.EIT-20130101WFQ\.jenkins\tools\ru.yandex.qatools.allure.jenkins.tools.AllureCommandlineInstallation\Allure\bin;C:\Program Files\nodejs;D:\MySQL\MySQL Server 5.5\bin;D:\apache-jmeter-5.1.1\bin;E:\android-sdk\android-sdk-windows\platform-tools;E:\android-sdk\android-sdk-windows\tools;E:\apache-tomcat-9.0.21-windows-x64\apache-tomcat-9.0.21\bin;E:\apache-tomcat-9.0.21-windows-x64\apache-tomcat-9.0.21\lib;E:\android-sdk\android-sdk-windows\build-tools;E:\android-sdk\android-sdk-windows\platform-tools;E:\android-sdk\android-sdk-windows\tools\tools;E:\android-sdk\android-sdk-windows\tools\tools\bin;D:\MySQL\MySQL Server 5.5\bin;E:\MySQL\MySQL Server 5.5\bin;C:\Users\Administrator.EIT-20130101WFQ\AppData\Roaming\npm;C:\Users\Administrator.EIT-20130101WFQ\AppData\Local\Google\Chrome\Application;C:\Users\Administrator.EIT-20130101WFQ\AppData\Local\BypassRuntm;C:\Users\Administrator.EIT-20130101WFQ\AppData\Local\Programs\Fiddler;C:\Windows\System32;C:\Program Files\Git\usr\bin\vendor_perl;C:\Program Files\Git\usr\bin\core_perl;."/>
    <property name="maven.conf" value="D:/maven/apache-maven-3.5.0-bin/apache-maven-3.5.0/conf"/>
    <property name="java.specification.name" value="Java Platform API Specification"/>
    <property name="java.class.version" value="52.0"/>
    <property name="sun.management.compiler" value="HotSpot 64-Bit Tiered Compilers"/>
    <property name="os.version" value="6.1"/>
    <property name="library.jansi.path" value="D:\maven\apache-maven-3.5.0-bin\apache-maven-3.5.0\lib\jansi-native\windows64"/>
    <property name="user.home" value="C:\Users\Administrator.EIT-20130101WFQ"/>
    <property name="user.timezone" value="Asia/Shanghai"/>
    <property name="java.awt.printerjob" value="sun.awt.windows.WPrinterJob"/>
    <property name="java.specification.version" value="1.8"/>
    <property name="file.encoding" value="GBK"/>
    <property name="user.name" value="Administrator"/>
    <property name="java.class.path" value="D:/maven/apache-maven-3.5.0-bin/apache-maven-3.5.0/boot/plexus-classworlds-2.5.2.jar"/>
    <property name="java.vm.specification.version" value="1.8"/>
    <property name="sun.arch.data.model" value="64"/>
    <property name="java.home" value="C:\Program Files\Java\jdk1.8.0_181\jre"/>
    <property name="sun.java.command" value="org.codehaus.plexus.classworlds.launcher.Launcher clean package"/>
    <property name="java.specification.vendor" value="Oracle Corporation"/>
    <property name="user.language" value="zh"/>
    <property name="awt.toolkit" value="sun.awt.windows.WToolkit"/>
    <property name="java.vm.info" value="mixed mode"/>
    <property name="java.version" value="1.8.0_181"/>
    <property name="java.ext.dirs" value="C:\Program Files\Java\jdk1.8.0_181\jre\lib\ext;C:\Windows\Sun\Java\lib\ext"/>
    <property name="sun.boot.class.path" value="C:\Program Files\Java\jdk1.8.0_181\jre\lib\resources.jar;C:\Program Files\Java\jdk1.8.0_181\jre\lib\rt.jar;C:\Program Files\Java\jdk1.8.0_181\jre\lib\sunrsasign.jar;C:\Program Files\Java\jdk1.8.0_181\jre\lib\jsse.jar;C:\Program Files\Java\jdk1.8.0_181\jre\lib\jce.jar;C:\Program Files\Java\jdk1.8.0_181\jre\lib\charsets.jar;C:\Program Files\Java\jdk1.8.0_181\jre\lib\jfr.jar;C:\Program Files\Java\jdk1.8.0_181\jre\classes"/>
    <property name="java.vendor" value="Oracle Corporation"/>
    <property name="maven.home" value="D:\maven\apache-maven-3.5.0-bin\apache-maven-3.5.0"/>
    <property name="file.separator" value="\"/>
    <property name="java.vendor.url.bug" value="http://bugreport.sun.com/bugreport/"/>
    <property name="sun.cpu.endian" value="little"/>
    <property name="sun.io.unicode.encoding" value="UnicodeLittle"/>
    <property name="sun.desktop" value="windows"/>
    <property name="sun.cpu.isalist" value="amd64"/>
  </properties>
  <testcase name="loginTrue" classname="com.test.testcase.LoginTest" time="0.543"/>
  <testcase name="loginFalse" classname="com.test.testcase.LoginTest" time="0.036"/>
  <testcase name="getUserInfo" classname="com.test.testcase.GetUserInfoTest" time="0.054"/>
  <testcase name="addUser" classname="com.test.testcase.AddUserTest" time="3.047"/>
  <testcase name="getUserList" classname="com.test.testcase.GetUserListTest" time="0.131"/>
  <testcase name="deleteUserInfo" classname="com.test.testcase.UpdateUserInfoTest" time="6.048"/>
  <testcase name="updateUserInfo" classname="com.test.testcase.UpdateUserInfoTest" time="5.082">
    <failure message="expected object to not be null" type="java.lang.AssertionError">java.lang.AssertionError: expected object to not be null
	at com.test.testcase.UpdateUserInfoTest.updateUserInfo(UpdateUserInfoTest.java:33)
</failure>
    <system-out><![CDATA[16:46:29.068 [main] DEBUG org.apache.ibatis.datasource.pooled.PooledDataSource - PooledDataSource forcefully closed/removed all connections.
16:46:29.068 [main] DEBUG org.apache.ibatis.datasource.pooled.PooledDataSource - PooledDataSource forcefully closed/removed all connections.
16:46:29.068 [main] DEBUG org.apache.ibatis.datasource.pooled.PooledDataSource - PooledDataSource forcefully closed/removed all connections.
16:46:29.068 [main] DEBUG org.apache.ibatis.datasource.pooled.PooledDataSource - PooledDataSource forcefully closed/removed all connections.
16:46:29.101 [main] DEBUG org.apache.ibatis.transaction.jdbc.JdbcTransaction - Opening JDBC Connection
16:46:29.109 [main] DEBUG org.apache.ibatis.datasource.pooled.PooledDataSource - Created connection 93199773.
16:46:29.109 [main] DEBUG org.apache.ibatis.transaction.jdbc.JdbcTransaction - Setting autocommit to false on JDBC Connection [com.mysql.jdbc.JDBC4Connection@58e1d9d]
16:46:29.109 [main] DEBUG com.test.testcase.updateUserInfoCase - ==>  Preparing: select * from updateUserInfoCase where id =?
16:46:29.110 [main] DEBUG com.test.testcase.updateUserInfoCase - ==> Parameters: 1(Integer)
16:46:29.111 [main] DEBUG com.test.testcase.updateUserInfoCase - <==      Total: 1
UpdateUserInfoCase(id=1, userId=2, userName=haahahahahaha, age=null, sex=null, permission=null, isDelete=null, expected=getUpdateUserInfo)
http://localhost:8889/v1/updateUserInfo
16:46:29.111 [main] DEBUG org.apache.http.client.protocol.RequestAddCookies - CookieSpec selected: default
16:46:29.111 [main] DEBUG org.apache.http.client.protocol.RequestAddCookies - Cookie [version: 0][name: login][value: true][domain: localhost][path: /v1][expiry: null] match [localhost:8889/v1/updateUserInfo]
16:46:29.111 [main] DEBUG org.apache.http.client.protocol.RequestAuthCache - Auth cache not set in the context
16:46:29.112 [main] DEBUG org.apache.http.impl.conn.PoolingHttpClientConnectionManager - Connection request: [route: {}->http://localhost:8889][total available: 1; route allocated: 1 of 2; total allocated: 1 of 20]
16:46:29.113 [main] DEBUG org.apache.http.wire - http-outgoing-0 << "[read] I/O error: Read timed out"
16:46:29.113 [main] DEBUG org.apache.http.impl.conn.PoolingHttpClientConnectionManager - Connection leased: [id: 0][route: {}->http://localhost:8889][total available: 0; route allocated: 1 of 2; total allocated: 1 of 20]
16:46:29.113 [main] DEBUG org.apache.http.impl.conn.DefaultManagedHttpClientConnection - http-outgoing-0: set socket timeout to 0
16:46:29.113 [main] DEBUG org.apache.http.impl.execchain.MainClientExec - Executing request POST /v1/updateUserInfo HTTP/1.1
16:46:29.113 [main] DEBUG org.apache.http.impl.execchain.MainClientExec - Target auth state: UNCHALLENGED
16:46:29.113 [main] DEBUG org.apache.http.impl.execchain.MainClientExec - Proxy auth state: UNCHALLENGED
16:46:29.113 [main] DEBUG org.apache.http.headers - http-outgoing-0 >> POST /v1/updateUserInfo HTTP/1.1
16:46:29.113 [main] DEBUG org.apache.http.headers - http-outgoing-0 >> content-type: application/json
16:46:29.113 [main] DEBUG org.apache.http.headers - http-outgoing-0 >> Cookie: []
16:46:29.113 [main] DEBUG org.apache.http.headers - http-outgoing-0 >> Content-Length: 35
16:46:29.113 [main] DEBUG org.apache.http.headers - http-outgoing-0 >> Host: localhost:8889
16:46:29.113 [main] DEBUG org.apache.http.headers - http-outgoing-0 >> Connection: Keep-Alive
16:46:29.113 [main] DEBUG org.apache.http.headers - http-outgoing-0 >> User-Agent: Apache-HttpClient/4.5.12 (Java/1.8.0_181)
16:46:29.113 [main] DEBUG org.apache.http.headers - http-outgoing-0 >> Cookie: login=true
16:46:29.113 [main] DEBUG org.apache.http.headers - http-outgoing-0 >> Accept-Encoding: gzip,deflate
16:46:29.113 [main] DEBUG org.apache.http.wire - http-outgoing-0 >> "POST /v1/updateUserInfo HTTP/1.1[\r][\n]"
16:46:29.113 [main] DEBUG org.apache.http.wire - http-outgoing-0 >> "content-type: application/json[\r][\n]"
16:46:29.113 [main] DEBUG org.apache.http.wire - http-outgoing-0 >> "Cookie: [][\r][\n]"
16:46:29.113 [main] DEBUG org.apache.http.wire - http-outgoing-0 >> "Content-Length: 35[\r][\n]"
16:46:29.113 [main] DEBUG org.apache.http.wire - http-outgoing-0 >> "Host: localhost:8889[\r][\n]"
16:46:29.113 [main] DEBUG org.apache.http.wire - http-outgoing-0 >> "Connection: Keep-Alive[\r][\n]"
16:46:29.113 [main] DEBUG org.apache.http.wire - http-outgoing-0 >> "User-Agent: Apache-HttpClient/4.5.12 (Java/1.8.0_181)[\r][\n]"
16:46:29.113 [main] DEBUG org.apache.http.wire - http-outgoing-0 >> "Cookie: login=true[\r][\n]"
16:46:29.113 [main] DEBUG org.apache.http.wire - http-outgoing-0 >> "Accept-Encoding: gzip,deflate[\r][\n]"
16:46:29.113 [main] DEBUG org.apache.http.wire - http-outgoing-0 >> "[\r][\n]"
16:46:29.113 [main] DEBUG org.apache.http.wire - http-outgoing-0 >> "{"id":2,"userName":"haahahahahaha"}"
16:46:29.128 [main] DEBUG org.apache.http.wire - http-outgoing-0 << "HTTP/1.1 200 [\r][\n]"
16:46:29.128 [main] DEBUG org.apache.http.wire - http-outgoing-0 << "Content-Type: application/json[\r][\n]"
16:46:29.128 [main] DEBUG org.apache.http.wire - http-outgoing-0 << "Transfer-Encoding: chunked[\r][\n]"
16:46:29.128 [main] DEBUG org.apache.http.wire - http-outgoing-0 << "Date: Wed, 16 Sep 2020 08:46:29 GMT[\r][\n]"
16:46:29.128 [main] DEBUG org.apache.http.wire - http-outgoing-0 << "Keep-Alive: timeout=60[\r][\n]"
16:46:29.128 [main] DEBUG org.apache.http.wire - http-outgoing-0 << "Connection: keep-alive[\r][\n]"
16:46:29.128 [main] DEBUG org.apache.http.wire - http-outgoing-0 << "[\r][\n]"
16:46:29.128 [main] DEBUG org.apache.http.wire - http-outgoing-0 << "1[\r][\n]"
16:46:29.128 [main] DEBUG org.apache.http.wire - http-outgoing-0 << "1[\r][\n]"
16:46:29.128 [main] DEBUG org.apache.http.headers - http-outgoing-0 << HTTP/1.1 200 
16:46:29.128 [main] DEBUG org.apache.http.headers - http-outgoing-0 << Content-Type: application/json
16:46:29.128 [main] DEBUG org.apache.http.headers - http-outgoing-0 << Transfer-Encoding: chunked
16:46:29.128 [main] DEBUG org.apache.http.headers - http-outgoing-0 << Date: Wed, 16 Sep 2020 08:46:29 GMT
16:46:29.128 [main] DEBUG org.apache.http.headers - http-outgoing-0 << Keep-Alive: timeout=60
16:46:29.128 [main] DEBUG org.apache.http.headers - http-outgoing-0 << Connection: keep-alive
16:46:29.129 [main] DEBUG org.apache.http.impl.execchain.MainClientExec - Connection can be kept alive for 60000 MILLISECONDS
16:46:29.129 [main] DEBUG org.apache.http.wire - http-outgoing-0 << "0[\r][\n]"
16:46:29.129 [main] DEBUG org.apache.http.wire - http-outgoing-0 << "[\r][\n]"
16:46:29.129 [main] DEBUG org.apache.http.impl.conn.PoolingHttpClientConnectionManager - Connection [id: 0][route: {}->http://localhost:8889] can be kept alive for 60.0 seconds
16:46:29.129 [main] DEBUG org.apache.http.impl.conn.DefaultManagedHttpClientConnection - http-outgoing-0: set socket timeout to 0
16:46:29.129 [main] DEBUG org.apache.http.impl.conn.PoolingHttpClientConnectionManager - Connection released: [id: 0][route: {}->http://localhost:8889][total available: 1; route allocated: 1 of 2; total allocated: 1 of 20]
16:46:32.129 [main] DEBUG com.test.testcase.getUpdateUserInfo - ==>  Preparing: select * from user WhERE userName=? And id=?
16:46:32.129 [main] DEBUG com.test.testcase.getUpdateUserInfo - ==> Parameters: haahahahahaha(String), 2(Integer)
16:46:32.130 [main] DEBUG com.test.testcase.getUpdateUserInfo - <==      Total: 0
]]></system-out>
  </testcase>
</testsuite>